find_header: checking for libxml/parser.h... -------------------- yes

"gcc -o conftest -I/rapid7-build/root/ruby/include/ruby-1.9.1/x86_64-linux -I/rapid7-build/root/ruby/include/ruby-1.9.1/ruby/backward -I/rapid7-build/root/ruby/include/ruby-1.9.1 -I. -I/rapid7-build/root/include/libxslt -I/rapid7-build/root/include/libxml2 -I/opt/local/include -I/usr/local/include -I/rapid7-build/root/ruby/include -I/usr/include -I/usr/include/libxml2 -I/rapid7-build/root/include  -I/rapid7-build/root/include -I/rapid7-build/root/include -O0 -ggdb -I/rapid7-build/root/include -g -DXP_UNIX -Wall -Wcast-qual -Wwrite-strings -Wconversion -Wmissing-noreturn -Winline conftest.c  -L. -L/rapid7-build/root/ruby/lib -Wl,-R/rapid7-build/root/ruby/lib -L/rapid7-build/root/lib -Wl,-R/rapid7-build/root/lib -L/opt/local/lib -Wl,-R/opt/local/lib -L/usr/local/lib -Wl,-R/usr/local/lib -L/rapid7-build/root/ruby/lib -Wl,-R/rapid7-build/root/ruby/lib -L/usr/lib -Wl,-R/usr/lib -L. -L/rapid7-build/root/lib -rdynamic -Wl,-export-dynamic     -Wl,-R -Wl,/rapid7-build/root/ruby/lib -L/rapid7-build/root/ruby/lib -lruby-static  -lpthread -lrt -ldl -lcrypt -lm   -lc "
checked program was:
/* begin */
1: #include "ruby.h"
2: 
3: int main() {return 0;}
/* end */

"gcc -E -I/rapid7-build/root/ruby/include/ruby-1.9.1/x86_64-linux -I/rapid7-build/root/ruby/include/ruby-1.9.1/ruby/backward -I/rapid7-build/root/ruby/include/ruby-1.9.1 -I. -I/rapid7-build/root/include/libxslt -I/rapid7-build/root/include/libxml2 -I/opt/local/include -I/usr/local/include -I/rapid7-build/root/ruby/include -I/usr/include -I/usr/include/libxml2 -I/rapid7-build/root/include  -I/rapid7-build/root/include -I/rapid7-build/root/include -O0 -ggdb -I/rapid7-build/root/include -g -DXP_UNIX -Wall -Wcast-qual -Wwrite-strings -Wconversion -Wmissing-noreturn -Winline  conftest.c -o conftest.i"
checked program was:
/* begin */
1: #include "ruby.h"
2: 
3: #include <libxml/parser.h>
/* end */

--------------------

find_header: checking for libxslt/xslt.h... -------------------- yes

"gcc -E -I/rapid7-build/root/ruby/include/ruby-1.9.1/x86_64-linux -I/rapid7-build/root/ruby/include/ruby-1.9.1/ruby/backward -I/rapid7-build/root/ruby/include/ruby-1.9.1 -I. -I/rapid7-build/root/include/libxslt -I/rapid7-build/root/include/libxml2 -I/opt/local/include -I/usr/local/include -I/rapid7-build/root/ruby/include -I/usr/include -I/usr/include/libxml2 -I/rapid7-build/root/include  -I/rapid7-build/root/include -I/rapid7-build/root/include -O0 -ggdb -I/rapid7-build/root/include -g -DXP_UNIX -Wall -Wcast-qual -Wwrite-strings -Wconversion -Wmissing-noreturn -Winline  conftest.c -o conftest.i"
checked program was:
/* begin */
1: #include "ruby.h"
2: 
3: #include <libxslt/xslt.h>
/* end */

--------------------

find_header: checking for libexslt/exslt.h... -------------------- yes

"gcc -E -I/rapid7-build/root/ruby/include/ruby-1.9.1/x86_64-linux -I/rapid7-build/root/ruby/include/ruby-1.9.1/ruby/backward -I/rapid7-build/root/ruby/include/ruby-1.9.1 -I. -I/rapid7-build/root/include/libxslt -I/rapid7-build/root/include/libxml2 -I/opt/local/include -I/usr/local/include -I/rapid7-build/root/ruby/include -I/usr/include -I/usr/include/libxml2 -I/rapid7-build/root/include  -I/rapid7-build/root/include -I/rapid7-build/root/include -O0 -ggdb -I/rapid7-build/root/include -g -DXP_UNIX -Wall -Wcast-qual -Wwrite-strings -Wconversion -Wmissing-noreturn -Winline  conftest.c -o conftest.i"
checked program was:
/* begin */
1: #include "ruby.h"
2: 
3: #include <libexslt/exslt.h>
/* end */

--------------------

have_func: checking for iconv_open() in iconv.h... -------------------- yes

"gcc -o conftest -I/rapid7-build/root/ruby/include/ruby-1.9.1/x86_64-linux -I/rapid7-build/root/ruby/include/ruby-1.9.1/ruby/backward -I/rapid7-build/root/ruby/include/ruby-1.9.1 -I. -I/rapid7-build/root/include/libxslt -I/rapid7-build/root/include/libxml2 -I/opt/local/include -I/usr/local/include -I/rapid7-build/root/ruby/include -I/usr/include -I/usr/include/libxml2 -I/rapid7-build/root/include  -I/rapid7-build/root/include -I/rapid7-build/root/include -O0 -ggdb -I/rapid7-build/root/include -g -DXP_UNIX -Wall -Wcast-qual -Wwrite-strings -Wconversion -Wmissing-noreturn -Winline conftest.c  -L. -L/rapid7-build/root/ruby/lib -Wl,-R/rapid7-build/root/ruby/lib -L/rapid7-build/root/lib -Wl,-R/rapid7-build/root/lib -L/opt/local/lib -Wl,-R/opt/local/lib -L/usr/local/lib -Wl,-R/usr/local/lib -L/rapid7-build/root/ruby/lib -Wl,-R/rapid7-build/root/ruby/lib -L/usr/lib -Wl,-R/usr/lib -L. -L/rapid7-build/root/lib -rdynamic -Wl,-export-dynamic     -Wl,-R -Wl,/rapid7-build/root/ruby/lib -L/rapid7-build/root/ruby/lib -lruby-static  -lpthread -lrt -ldl -lcrypt -lm   -lc "
checked program was:
/* begin */
1: #include "ruby.h"
2: 
3: #include <iconv.h>
4: 
5: /*top*/
6: int main() {return 0;}
7: int t() { void ((*volatile p)()); p = (void ((*)()))iconv_open; return 0; }
/* end */

--------------------

find_library: checking for xmlParseDoc() in -lxml2... -------------------- yes

"gcc -o conftest -I/rapid7-build/root/ruby/include/ruby-1.9.1/x86_64-linux -I/rapid7-build/root/ruby/include/ruby-1.9.1/ruby/backward -I/rapid7-build/root/ruby/include/ruby-1.9.1 -I. -I/rapid7-build/root/include/libxslt -I/rapid7-build/root/include/libxml2 -I/opt/local/include -I/usr/local/include -I/rapid7-build/root/ruby/include -I/usr/include -I/usr/include/libxml2 -I/rapid7-build/root/include  -I/rapid7-build/root/include -I/rapid7-build/root/include -O0 -ggdb -I/rapid7-build/root/include -g -DXP_UNIX -Wall -Wcast-qual -Wwrite-strings -Wconversion -Wmissing-noreturn -Winline conftest.c  -L. -L/rapid7-build/root/ruby/lib -Wl,-R/rapid7-build/root/ruby/lib -L/rapid7-build/root/lib -Wl,-R/rapid7-build/root/lib -L/opt/local/lib -Wl,-R/opt/local/lib -L/usr/local/lib -Wl,-R/usr/local/lib -L/rapid7-build/root/ruby/lib -Wl,-R/rapid7-build/root/ruby/lib -L/usr/lib -Wl,-R/usr/lib -L. -L/rapid7-build/root/lib -rdynamic -Wl,-export-dynamic     -Wl,-R -Wl,/rapid7-build/root/ruby/lib -L/rapid7-build/root/ruby/lib -lruby-static -lxml2  -lpthread -lrt -ldl -lcrypt -lm   -lc "
conftest.c: In function ‘t’:
conftest.c:5: error: ‘xmlParseDoc’ undeclared (first use in this function)
conftest.c:5: error: (Each undeclared identifier is reported only once
conftest.c:5: error: for each function it appears in.)
checked program was:
/* begin */
1: #include "ruby.h"
2: 
3: /*top*/
4: int main() {return 0;}
5: int t() { void ((*volatile p)()); p = (void ((*)()))xmlParseDoc; return 0; }
/* end */

"gcc -o conftest -I/rapid7-build/root/ruby/include/ruby-1.9.1/x86_64-linux -I/rapid7-build/root/ruby/include/ruby-1.9.1/ruby/backward -I/rapid7-build/root/ruby/include/ruby-1.9.1 -I. -I/rapid7-build/root/include/libxslt -I/rapid7-build/root/include/libxml2 -I/opt/local/include -I/usr/local/include -I/rapid7-build/root/ruby/include -I/usr/include -I/usr/include/libxml2 -I/rapid7-build/root/include  -I/rapid7-build/root/include -I/rapid7-build/root/include -O0 -ggdb -I/rapid7-build/root/include -g -DXP_UNIX -Wall -Wcast-qual -Wwrite-strings -Wconversion -Wmissing-noreturn -Winline conftest.c  -L. -L/rapid7-build/root/ruby/lib -Wl,-R/rapid7-build/root/ruby/lib -L/rapid7-build/root/lib -Wl,-R/rapid7-build/root/lib -L/opt/local/lib -Wl,-R/opt/local/lib -L/usr/local/lib -Wl,-R/usr/local/lib -L/rapid7-build/root/ruby/lib -Wl,-R/rapid7-build/root/ruby/lib -L/usr/lib -Wl,-R/usr/lib -L. -L/rapid7-build/root/lib -rdynamic -Wl,-export-dynamic     -Wl,-R -Wl,/rapid7-build/root/ruby/lib -L/rapid7-build/root/ruby/lib -lruby-static -lxml2  -lpthread -lrt -ldl -lcrypt -lm   -lc "
conftest.c: In function ‘t’:
conftest.c:5: warning: implicit declaration of function ‘xmlParseDoc’
checked program was:
/* begin */
1: #include "ruby.h"
2: 
3: /*top*/
4: int main() {return 0;}
5: int t() { xmlParseDoc(); return 0; }
/* end */

--------------------

find_library: checking for xsltParseStylesheetDoc() in -lxslt... -------------------- yes

"gcc -o conftest -I/rapid7-build/root/ruby/include/ruby-1.9.1/x86_64-linux -I/rapid7-build/root/ruby/include/ruby-1.9.1/ruby/backward -I/rapid7-build/root/ruby/include/ruby-1.9.1 -I. -I/rapid7-build/root/include/libxslt -I/rapid7-build/root/include/libxml2 -I/opt/local/include -I/usr/local/include -I/rapid7-build/root/ruby/include -I/usr/include -I/usr/include/libxml2 -I/rapid7-build/root/include  -I/rapid7-build/root/include -I/rapid7-build/root/include -O0 -ggdb -I/rapid7-build/root/include -g -DXP_UNIX -Wall -Wcast-qual -Wwrite-strings -Wconversion -Wmissing-noreturn -Winline conftest.c  -L. -L/rapid7-build/root/ruby/lib -Wl,-R/rapid7-build/root/ruby/lib -L/rapid7-build/root/lib -Wl,-R/rapid7-build/root/lib -L/opt/local/lib -Wl,-R/opt/local/lib -L/usr/local/lib -Wl,-R/usr/local/lib -L/rapid7-build/root/ruby/lib -Wl,-R/rapid7-build/root/ruby/lib -L/usr/lib -Wl,-R/usr/lib -L. -L/rapid7-build/root/lib -rdynamic -Wl,-export-dynamic    -lxml2  -Wl,-R -Wl,/rapid7-build/root/ruby/lib -L/rapid7-build/root/ruby/lib -lruby-static -lxslt -lxml2  -lpthread -lrt -ldl -lcrypt -lm   -lc "
conftest.c: In function ‘t’:
conftest.c:5: error: ‘xsltParseStylesheetDoc’ undeclared (first use in this function)
conftest.c:5: error: (Each undeclared identifier is reported only once
conftest.c:5: error: for each function it appears in.)
checked program was:
/* begin */
1: #include "ruby.h"
2: 
3: /*top*/
4: int main() {return 0;}
5: int t() { void ((*volatile p)()); p = (void ((*)()))xsltParseStylesheetDoc; return 0; }
/* end */

"gcc -o conftest -I/rapid7-build/root/ruby/include/ruby-1.9.1/x86_64-linux -I/rapid7-build/root/ruby/include/ruby-1.9.1/ruby/backward -I/rapid7-build/root/ruby/include/ruby-1.9.1 -I. -I/rapid7-build/root/include/libxslt -I/rapid7-build/root/include/libxml2 -I/opt/local/include -I/usr/local/include -I/rapid7-build/root/ruby/include -I/usr/include -I/usr/include/libxml2 -I/rapid7-build/root/include  -I/rapid7-build/root/include -I/rapid7-build/root/include -O0 -ggdb -I/rapid7-build/root/include -g -DXP_UNIX -Wall -Wcast-qual -Wwrite-strings -Wconversion -Wmissing-noreturn -Winline conftest.c  -L. -L/rapid7-build/root/ruby/lib -Wl,-R/rapid7-build/root/ruby/lib -L/rapid7-build/root/lib -Wl,-R/rapid7-build/root/lib -L/opt/local/lib -Wl,-R/opt/local/lib -L/usr/local/lib -Wl,-R/usr/local/lib -L/rapid7-build/root/ruby/lib -Wl,-R/rapid7-build/root/ruby/lib -L/usr/lib -Wl,-R/usr/lib -L. -L/rapid7-build/root/lib -rdynamic -Wl,-export-dynamic    -lxml2  -Wl,-R -Wl,/rapid7-build/root/ruby/lib -L/rapid7-build/root/ruby/lib -lruby-static -lxslt -lxml2  -lpthread -lrt -ldl -lcrypt -lm   -lc "
conftest.c: In function ‘t’:
conftest.c:5: warning: implicit declaration of function ‘xsltParseStylesheetDoc’
checked program was:
/* begin */
1: #include "ruby.h"
2: 
3: /*top*/
4: int main() {return 0;}
5: int t() { xsltParseStylesheetDoc(); return 0; }
/* end */

--------------------

find_library: checking for exsltFuncRegister() in -lexslt... -------------------- yes

"gcc -o conftest -I/rapid7-build/root/ruby/include/ruby-1.9.1/x86_64-linux -I/rapid7-build/root/ruby/include/ruby-1.9.1/ruby/backward -I/rapid7-build/root/ruby/include/ruby-1.9.1 -I. -I/rapid7-build/root/include/libxslt -I/rapid7-build/root/include/libxml2 -I/opt/local/include -I/usr/local/include -I/rapid7-build/root/ruby/include -I/usr/include -I/usr/include/libxml2 -I/rapid7-build/root/include  -I/rapid7-build/root/include -I/rapid7-build/root/include -O0 -ggdb -I/rapid7-build/root/include -g -DXP_UNIX -Wall -Wcast-qual -Wwrite-strings -Wconversion -Wmissing-noreturn -Winline conftest.c  -L. -L/rapid7-build/root/ruby/lib -Wl,-R/rapid7-build/root/ruby/lib -L/rapid7-build/root/lib -Wl,-R/rapid7-build/root/lib -L/opt/local/lib -Wl,-R/opt/local/lib -L/usr/local/lib -Wl,-R/usr/local/lib -L/rapid7-build/root/ruby/lib -Wl,-R/rapid7-build/root/ruby/lib -L/usr/lib -Wl,-R/usr/lib -L. -L/rapid7-build/root/lib -rdynamic -Wl,-export-dynamic    -lxslt -lxml2  -Wl,-R -Wl,/rapid7-build/root/ruby/lib -L/rapid7-build/root/ruby/lib -lruby-static -lexslt -lxslt -lxml2  -lpthread -lrt -ldl -lcrypt -lm   -lc "
conftest.c: In function ‘t’:
conftest.c:5: error: ‘exsltFuncRegister’ undeclared (first use in this function)
conftest.c:5: error: (Each undeclared identifier is reported only once
conftest.c:5: error: for each function it appears in.)
checked program was:
/* begin */
1: #include "ruby.h"
2: 
3: /*top*/
4: int main() {return 0;}
5: int t() { void ((*volatile p)()); p = (void ((*)()))exsltFuncRegister; return 0; }
/* end */

"gcc -o conftest -I/rapid7-build/root/ruby/include/ruby-1.9.1/x86_64-linux -I/rapid7-build/root/ruby/include/ruby-1.9.1/ruby/backward -I/rapid7-build/root/ruby/include/ruby-1.9.1 -I. -I/rapid7-build/root/include/libxslt -I/rapid7-build/root/include/libxml2 -I/opt/local/include -I/usr/local/include -I/rapid7-build/root/ruby/include -I/usr/include -I/usr/include/libxml2 -I/rapid7-build/root/include  -I/rapid7-build/root/include -I/rapid7-build/root/include -O0 -ggdb -I/rapid7-build/root/include -g -DXP_UNIX -Wall -Wcast-qual -Wwrite-strings -Wconversion -Wmissing-noreturn -Winline conftest.c  -L. -L/rapid7-build/root/ruby/lib -Wl,-R/rapid7-build/root/ruby/lib -L/rapid7-build/root/lib -Wl,-R/rapid7-build/root/lib -L/opt/local/lib -Wl,-R/opt/local/lib -L/usr/local/lib -Wl,-R/usr/local/lib -L/rapid7-build/root/ruby/lib -Wl,-R/rapid7-build/root/ruby/lib -L/usr/lib -Wl,-R/usr/lib -L. -L/rapid7-build/root/lib -rdynamic -Wl,-export-dynamic    -lxslt -lxml2  -Wl,-R -Wl,/rapid7-build/root/ruby/lib -L/rapid7-build/root/ruby/lib -lruby-static -lexslt -lxslt -lxml2  -lpthread -lrt -ldl -lcrypt -lm   -lc "
conftest.c: In function ‘t’:
conftest.c:5: warning: implicit declaration of function ‘exsltFuncRegister’
checked program was:
/* begin */
1: #include "ruby.h"
2: 
3: /*top*/
4: int main() {return 0;}
5: int t() { exsltFuncRegister(); return 0; }
/* end */

--------------------

have_func: checking for xmlHasFeature()... -------------------- yes

"gcc -o conftest -I/rapid7-build/root/ruby/include/ruby-1.9.1/x86_64-linux -I/rapid7-build/root/ruby/include/ruby-1.9.1/ruby/backward -I/rapid7-build/root/ruby/include/ruby-1.9.1 -I. -I/rapid7-build/root/include/libxslt -I/rapid7-build/root/include/libxml2 -I/opt/local/include -I/usr/local/include -I/rapid7-build/root/ruby/include -I/usr/include -I/usr/include/libxml2 -I/rapid7-build/root/include  -I/rapid7-build/root/include -I/rapid7-build/root/include -O0 -ggdb -I/rapid7-build/root/include -g -DXP_UNIX -Wall -Wcast-qual -Wwrite-strings -Wconversion -Wmissing-noreturn -Winline conftest.c  -L. -L/rapid7-build/root/ruby/lib -Wl,-R/rapid7-build/root/ruby/lib -L/rapid7-build/root/lib -Wl,-R/rapid7-build/root/lib -L/opt/local/lib -Wl,-R/opt/local/lib -L/usr/local/lib -Wl,-R/usr/local/lib -L/rapid7-build/root/ruby/lib -Wl,-R/rapid7-build/root/ruby/lib -L/usr/lib -Wl,-R/usr/lib -L. -L/rapid7-build/root/lib -rdynamic -Wl,-export-dynamic    -lexslt -lxslt -lxml2  -Wl,-R -Wl,/rapid7-build/root/ruby/lib -L/rapid7-build/root/ruby/lib -lruby-static -lexslt -lxslt -lxml2  -lpthread -lrt -ldl -lcrypt -lm   -lc "
conftest.c: In function ‘t’:
conftest.c:5: error: ‘xmlHasFeature’ undeclared (first use in this function)
conftest.c:5: error: (Each undeclared identifier is reported only once
conftest.c:5: error: for each function it appears in.)
checked program was:
/* begin */
1: #include "ruby.h"
2: 
3: /*top*/
4: int main() {return 0;}
5: int t() { void ((*volatile p)()); p = (void ((*)()))xmlHasFeature; return 0; }
/* end */

"gcc -o conftest -I/rapid7-build/root/ruby/include/ruby-1.9.1/x86_64-linux -I/rapid7-build/root/ruby/include/ruby-1.9.1/ruby/backward -I/rapid7-build/root/ruby/include/ruby-1.9.1 -I. -I/rapid7-build/root/include/libxslt -I/rapid7-build/root/include/libxml2 -I/opt/local/include -I/usr/local/include -I/rapid7-build/root/ruby/include -I/usr/include -I/usr/include/libxml2 -I/rapid7-build/root/include  -I/rapid7-build/root/include -I/rapid7-build/root/include -O0 -ggdb -I/rapid7-build/root/include -g -DXP_UNIX -Wall -Wcast-qual -Wwrite-strings -Wconversion -Wmissing-noreturn -Winline conftest.c  -L. -L/rapid7-build/root/ruby/lib -Wl,-R/rapid7-build/root/ruby/lib -L/rapid7-build/root/lib -Wl,-R/rapid7-build/root/lib -L/opt/local/lib -Wl,-R/opt/local/lib -L/usr/local/lib -Wl,-R/usr/local/lib -L/rapid7-build/root/ruby/lib -Wl,-R/rapid7-build/root/ruby/lib -L/usr/lib -Wl,-R/usr/lib -L. -L/rapid7-build/root/lib -rdynamic -Wl,-export-dynamic    -lexslt -lxslt -lxml2  -Wl,-R -Wl,/rapid7-build/root/ruby/lib -L/rapid7-build/root/ruby/lib -lruby-static -lexslt -lxslt -lxml2  -lpthread -lrt -ldl -lcrypt -lm   -lc "
conftest.c: In function ‘t’:
conftest.c:5: warning: implicit declaration of function ‘xmlHasFeature’
checked program was:
/* begin */
1: #include "ruby.h"
2: 
3: /*top*/
4: int main() {return 0;}
5: int t() { xmlHasFeature(); return 0; }
/* end */

--------------------

have_func: checking for xmlFirstElementChild()... -------------------- yes

"gcc -o conftest -I/rapid7-build/root/ruby/include/ruby-1.9.1/x86_64-linux -I/rapid7-build/root/ruby/include/ruby-1.9.1/ruby/backward -I/rapid7-build/root/ruby/include/ruby-1.9.1 -I. -I/rapid7-build/root/include/libxslt -I/rapid7-build/root/include/libxml2 -I/opt/local/include -I/usr/local/include -I/rapid7-build/root/ruby/include -I/usr/include -I/usr/include/libxml2 -I/rapid7-build/root/include  -I/rapid7-build/root/include -I/rapid7-build/root/include -O0 -ggdb -I/rapid7-build/root/include -g -DXP_UNIX -Wall -Wcast-qual -Wwrite-strings -Wconversion -Wmissing-noreturn -Winline conftest.c  -L. -L/rapid7-build/root/ruby/lib -Wl,-R/rapid7-build/root/ruby/lib -L/rapid7-build/root/lib -Wl,-R/rapid7-build/root/lib -L/opt/local/lib -Wl,-R/opt/local/lib -L/usr/local/lib -Wl,-R/usr/local/lib -L/rapid7-build/root/ruby/lib -Wl,-R/rapid7-build/root/ruby/lib -L/usr/lib -Wl,-R/usr/lib -L. -L/rapid7-build/root/lib -rdynamic -Wl,-export-dynamic    -lexslt -lxslt -lxml2  -Wl,-R -Wl,/rapid7-build/root/ruby/lib -L/rapid7-build/root/ruby/lib -lruby-static -lexslt -lxslt -lxml2  -lpthread -lrt -ldl -lcrypt -lm   -lc "
conftest.c: In function ‘t’:
conftest.c:5: error: ‘xmlFirstElementChild’ undeclared (first use in this function)
conftest.c:5: error: (Each undeclared identifier is reported only once
conftest.c:5: error: for each function it appears in.)
checked program was:
/* begin */
1: #include "ruby.h"
2: 
3: /*top*/
4: int main() {return 0;}
5: int t() { void ((*volatile p)()); p = (void ((*)()))xmlFirstElementChild; return 0; }
/* end */

"gcc -o conftest -I/rapid7-build/root/ruby/include/ruby-1.9.1/x86_64-linux -I/rapid7-build/root/ruby/include/ruby-1.9.1/ruby/backward -I/rapid7-build/root/ruby/include/ruby-1.9.1 -I. -I/rapid7-build/root/include/libxslt -I/rapid7-build/root/include/libxml2 -I/opt/local/include -I/usr/local/include -I/rapid7-build/root/ruby/include -I/usr/include -I/usr/include/libxml2 -I/rapid7-build/root/include  -I/rapid7-build/root/include -I/rapid7-build/root/include -O0 -ggdb -I/rapid7-build/root/include -g -DXP_UNIX -Wall -Wcast-qual -Wwrite-strings -Wconversion -Wmissing-noreturn -Winline conftest.c  -L. -L/rapid7-build/root/ruby/lib -Wl,-R/rapid7-build/root/ruby/lib -L/rapid7-build/root/lib -Wl,-R/rapid7-build/root/lib -L/opt/local/lib -Wl,-R/opt/local/lib -L/usr/local/lib -Wl,-R/usr/local/lib -L/rapid7-build/root/ruby/lib -Wl,-R/rapid7-build/root/ruby/lib -L/usr/lib -Wl,-R/usr/lib -L. -L/rapid7-build/root/lib -rdynamic -Wl,-export-dynamic    -lexslt -lxslt -lxml2  -Wl,-R -Wl,/rapid7-build/root/ruby/lib -L/rapid7-build/root/ruby/lib -lruby-static -lexslt -lxslt -lxml2  -lpthread -lrt -ldl -lcrypt -lm   -lc "
conftest.c: In function ‘t’:
conftest.c:5: warning: implicit declaration of function ‘xmlFirstElementChild’
checked program was:
/* begin */
1: #include "ruby.h"
2: 
3: /*top*/
4: int main() {return 0;}
5: int t() { xmlFirstElementChild(); return 0; }
/* end */

--------------------

have_func: checking for xmlRelaxNGSetParserStructuredErrors()... -------------------- yes

"gcc -o conftest -I/rapid7-build/root/ruby/include/ruby-1.9.1/x86_64-linux -I/rapid7-build/root/ruby/include/ruby-1.9.1/ruby/backward -I/rapid7-build/root/ruby/include/ruby-1.9.1 -I. -I/rapid7-build/root/include/libxslt -I/rapid7-build/root/include/libxml2 -I/opt/local/include -I/usr/local/include -I/rapid7-build/root/ruby/include -I/usr/include -I/usr/include/libxml2 -I/rapid7-build/root/include  -I/rapid7-build/root/include -I/rapid7-build/root/include -O0 -ggdb -I/rapid7-build/root/include -g -DXP_UNIX -Wall -Wcast-qual -Wwrite-strings -Wconversion -Wmissing-noreturn -Winline conftest.c  -L. -L/rapid7-build/root/ruby/lib -Wl,-R/rapid7-build/root/ruby/lib -L/rapid7-build/root/lib -Wl,-R/rapid7-build/root/lib -L/opt/local/lib -Wl,-R/opt/local/lib -L/usr/local/lib -Wl,-R/usr/local/lib -L/rapid7-build/root/ruby/lib -Wl,-R/rapid7-build/root/ruby/lib -L/usr/lib -Wl,-R/usr/lib -L. -L/rapid7-build/root/lib -rdynamic -Wl,-export-dynamic    -lexslt -lxslt -lxml2  -Wl,-R -Wl,/rapid7-build/root/ruby/lib -L/rapid7-build/root/ruby/lib -lruby-static -lexslt -lxslt -lxml2  -lpthread -lrt -ldl -lcrypt -lm   -lc "
conftest.c: In function ‘t’:
conftest.c:5: error: ‘xmlRelaxNGSetParserStructuredErrors’ undeclared (first use in this function)
conftest.c:5: error: (Each undeclared identifier is reported only once
conftest.c:5: error: for each function it appears in.)
checked program was:
/* begin */
1: #include "ruby.h"
2: 
3: /*top*/
4: int main() {return 0;}
5: int t() { void ((*volatile p)()); p = (void ((*)()))xmlRelaxNGSetParserStructuredErrors; return 0; }
/* end */

"gcc -o conftest -I/rapid7-build/root/ruby/include/ruby-1.9.1/x86_64-linux -I/rapid7-build/root/ruby/include/ruby-1.9.1/ruby/backward -I/rapid7-build/root/ruby/include/ruby-1.9.1 -I. -I/rapid7-build/root/include/libxslt -I/rapid7-build/root/include/libxml2 -I/opt/local/include -I/usr/local/include -I/rapid7-build/root/ruby/include -I/usr/include -I/usr/include/libxml2 -I/rapid7-build/root/include  -I/rapid7-build/root/include -I/rapid7-build/root/include -O0 -ggdb -I/rapid7-build/root/include -g -DXP_UNIX -Wall -Wcast-qual -Wwrite-strings -Wconversion -Wmissing-noreturn -Winline conftest.c  -L. -L/rapid7-build/root/ruby/lib -Wl,-R/rapid7-build/root/ruby/lib -L/rapid7-build/root/lib -Wl,-R/rapid7-build/root/lib -L/opt/local/lib -Wl,-R/opt/local/lib -L/usr/local/lib -Wl,-R/usr/local/lib -L/rapid7-build/root/ruby/lib -Wl,-R/rapid7-build/root/ruby/lib -L/usr/lib -Wl,-R/usr/lib -L. -L/rapid7-build/root/lib -rdynamic -Wl,-export-dynamic    -lexslt -lxslt -lxml2  -Wl,-R -Wl,/rapid7-build/root/ruby/lib -L/rapid7-build/root/ruby/lib -lruby-static -lexslt -lxslt -lxml2  -lpthread -lrt -ldl -lcrypt -lm   -lc "
conftest.c: In function ‘t’:
conftest.c:5: warning: implicit declaration of function ‘xmlRelaxNGSetParserStructuredErrors’
checked program was:
/* begin */
1: #include "ruby.h"
2: 
3: /*top*/
4: int main() {return 0;}
5: int t() { xmlRelaxNGSetParserStructuredErrors(); return 0; }
/* end */

--------------------

have_func: checking for xmlRelaxNGSetParserStructuredErrors()... -------------------- yes

"gcc -o conftest -I/rapid7-build/root/ruby/include/ruby-1.9.1/x86_64-linux -I/rapid7-build/root/ruby/include/ruby-1.9.1/ruby/backward -I/rapid7-build/root/ruby/include/ruby-1.9.1 -I. -I/rapid7-build/root/include/libxslt -I/rapid7-build/root/include/libxml2 -I/opt/local/include -I/usr/local/include -I/rapid7-build/root/ruby/include -I/usr/include -I/usr/include/libxml2 -I/rapid7-build/root/include  -I/rapid7-build/root/include -I/rapid7-build/root/include -O0 -ggdb -I/rapid7-build/root/include -g -DXP_UNIX -Wall -Wcast-qual -Wwrite-strings -Wconversion -Wmissing-noreturn -Winline conftest.c  -L. -L/rapid7-build/root/ruby/lib -Wl,-R/rapid7-build/root/ruby/lib -L/rapid7-build/root/lib -Wl,-R/rapid7-build/root/lib -L/opt/local/lib -Wl,-R/opt/local/lib -L/usr/local/lib -Wl,-R/usr/local/lib -L/rapid7-build/root/ruby/lib -Wl,-R/rapid7-build/root/ruby/lib -L/usr/lib -Wl,-R/usr/lib -L. -L/rapid7-build/root/lib -rdynamic -Wl,-export-dynamic    -lexslt -lxslt -lxml2  -Wl,-R -Wl,/rapid7-build/root/ruby/lib -L/rapid7-build/root/ruby/lib -lruby-static -lexslt -lxslt -lxml2  -lpthread -lrt -ldl -lcrypt -lm   -lc "
conftest.c: In function ‘t’:
conftest.c:5: error: ‘xmlRelaxNGSetParserStructuredErrors’ undeclared (first use in this function)
conftest.c:5: error: (Each undeclared identifier is reported only once
conftest.c:5: error: for each function it appears in.)
checked program was:
/* begin */
1: #include "ruby.h"
2: 
3: /*top*/
4: int main() {return 0;}
5: int t() { void ((*volatile p)()); p = (void ((*)()))xmlRelaxNGSetParserStructuredErrors; return 0; }
/* end */

"gcc -o conftest -I/rapid7-build/root/ruby/include/ruby-1.9.1/x86_64-linux -I/rapid7-build/root/ruby/include/ruby-1.9.1/ruby/backward -I/rapid7-build/root/ruby/include/ruby-1.9.1 -I. -I/rapid7-build/root/include/libxslt -I/rapid7-build/root/include/libxml2 -I/opt/local/include -I/usr/local/include -I/rapid7-build/root/ruby/include -I/usr/include -I/usr/include/libxml2 -I/rapid7-build/root/include  -I/rapid7-build/root/include -I/rapid7-build/root/include -O0 -ggdb -I/rapid7-build/root/include -g -DXP_UNIX -Wall -Wcast-qual -Wwrite-strings -Wconversion -Wmissing-noreturn -Winline conftest.c  -L. -L/rapid7-build/root/ruby/lib -Wl,-R/rapid7-build/root/ruby/lib -L/rapid7-build/root/lib -Wl,-R/rapid7-build/root/lib -L/opt/local/lib -Wl,-R/opt/local/lib -L/usr/local/lib -Wl,-R/usr/local/lib -L/rapid7-build/root/ruby/lib -Wl,-R/rapid7-build/root/ruby/lib -L/usr/lib -Wl,-R/usr/lib -L. -L/rapid7-build/root/lib -rdynamic -Wl,-export-dynamic    -lexslt -lxslt -lxml2  -Wl,-R -Wl,/rapid7-build/root/ruby/lib -L/rapid7-build/root/ruby/lib -lruby-static -lexslt -lxslt -lxml2  -lpthread -lrt -ldl -lcrypt -lm   -lc "
conftest.c: In function ‘t’:
conftest.c:5: warning: implicit declaration of function ‘xmlRelaxNGSetParserStructuredErrors’
checked program was:
/* begin */
1: #include "ruby.h"
2: 
3: /*top*/
4: int main() {return 0;}
5: int t() { xmlRelaxNGSetParserStructuredErrors(); return 0; }
/* end */

--------------------

have_func: checking for xmlRelaxNGSetValidStructuredErrors()... -------------------- yes

"gcc -o conftest -I/rapid7-build/root/ruby/include/ruby-1.9.1/x86_64-linux -I/rapid7-build/root/ruby/include/ruby-1.9.1/ruby/backward -I/rapid7-build/root/ruby/include/ruby-1.9.1 -I. -I/rapid7-build/root/include/libxslt -I/rapid7-build/root/include/libxml2 -I/opt/local/include -I/usr/local/include -I/rapid7-build/root/ruby/include -I/usr/include -I/usr/include/libxml2 -I/rapid7-build/root/include  -I/rapid7-build/root/include -I/rapid7-build/root/include -O0 -ggdb -I/rapid7-build/root/include -g -DXP_UNIX -Wall -Wcast-qual -Wwrite-strings -Wconversion -Wmissing-noreturn -Winline conftest.c  -L. -L/rapid7-build/root/ruby/lib -Wl,-R/rapid7-build/root/ruby/lib -L/rapid7-build/root/lib -Wl,-R/rapid7-build/root/lib -L/opt/local/lib -Wl,-R/opt/local/lib -L/usr/local/lib -Wl,-R/usr/local/lib -L/rapid7-build/root/ruby/lib -Wl,-R/rapid7-build/root/ruby/lib -L/usr/lib -Wl,-R/usr/lib -L. -L/rapid7-build/root/lib -rdynamic -Wl,-export-dynamic    -lexslt -lxslt -lxml2  -Wl,-R -Wl,/rapid7-build/root/ruby/lib -L/rapid7-build/root/ruby/lib -lruby-static -lexslt -lxslt -lxml2  -lpthread -lrt -ldl -lcrypt -lm   -lc "
conftest.c: In function ‘t’:
conftest.c:5: error: ‘xmlRelaxNGSetValidStructuredErrors’ undeclared (first use in this function)
conftest.c:5: error: (Each undeclared identifier is reported only once
conftest.c:5: error: for each function it appears in.)
checked program was:
/* begin */
1: #include "ruby.h"
2: 
3: /*top*/
4: int main() {return 0;}
5: int t() { void ((*volatile p)()); p = (void ((*)()))xmlRelaxNGSetValidStructuredErrors; return 0; }
/* end */

"gcc -o conftest -I/rapid7-build/root/ruby/include/ruby-1.9.1/x86_64-linux -I/rapid7-build/root/ruby/include/ruby-1.9.1/ruby/backward -I/rapid7-build/root/ruby/include/ruby-1.9.1 -I. -I/rapid7-build/root/include/libxslt -I/rapid7-build/root/include/libxml2 -I/opt/local/include -I/usr/local/include -I/rapid7-build/root/ruby/include -I/usr/include -I/usr/include/libxml2 -I/rapid7-build/root/include  -I/rapid7-build/root/include -I/rapid7-build/root/include -O0 -ggdb -I/rapid7-build/root/include -g -DXP_UNIX -Wall -Wcast-qual -Wwrite-strings -Wconversion -Wmissing-noreturn -Winline conftest.c  -L. -L/rapid7-build/root/ruby/lib -Wl,-R/rapid7-build/root/ruby/lib -L/rapid7-build/root/lib -Wl,-R/rapid7-build/root/lib -L/opt/local/lib -Wl,-R/opt/local/lib -L/usr/local/lib -Wl,-R/usr/local/lib -L/rapid7-build/root/ruby/lib -Wl,-R/rapid7-build/root/ruby/lib -L/usr/lib -Wl,-R/usr/lib -L. -L/rapid7-build/root/lib -rdynamic -Wl,-export-dynamic    -lexslt -lxslt -lxml2  -Wl,-R -Wl,/rapid7-build/root/ruby/lib -L/rapid7-build/root/ruby/lib -lruby-static -lexslt -lxslt -lxml2  -lpthread -lrt -ldl -lcrypt -lm   -lc "
conftest.c: In function ‘t’:
conftest.c:5: warning: implicit declaration of function ‘xmlRelaxNGSetValidStructuredErrors’
checked program was:
/* begin */
1: #include "ruby.h"
2: 
3: /*top*/
4: int main() {return 0;}
5: int t() { xmlRelaxNGSetValidStructuredErrors(); return 0; }
/* end */

--------------------

have_func: checking for xmlSchemaSetValidStructuredErrors()... -------------------- yes

"gcc -o conftest -I/rapid7-build/root/ruby/include/ruby-1.9.1/x86_64-linux -I/rapid7-build/root/ruby/include/ruby-1.9.1/ruby/backward -I/rapid7-build/root/ruby/include/ruby-1.9.1 -I. -I/rapid7-build/root/include/libxslt -I/rapid7-build/root/include/libxml2 -I/opt/local/include -I/usr/local/include -I/rapid7-build/root/ruby/include -I/usr/include -I/usr/include/libxml2 -I/rapid7-build/root/include  -I/rapid7-build/root/include -I/rapid7-build/root/include -O0 -ggdb -I/rapid7-build/root/include -g -DXP_UNIX -Wall -Wcast-qual -Wwrite-strings -Wconversion -Wmissing-noreturn -Winline conftest.c  -L. -L/rapid7-build/root/ruby/lib -Wl,-R/rapid7-build/root/ruby/lib -L/rapid7-build/root/lib -Wl,-R/rapid7-build/root/lib -L/opt/local/lib -Wl,-R/opt/local/lib -L/usr/local/lib -Wl,-R/usr/local/lib -L/rapid7-build/root/ruby/lib -Wl,-R/rapid7-build/root/ruby/lib -L/usr/lib -Wl,-R/usr/lib -L. -L/rapid7-build/root/lib -rdynamic -Wl,-export-dynamic    -lexslt -lxslt -lxml2  -Wl,-R -Wl,/rapid7-build/root/ruby/lib -L/rapid7-build/root/ruby/lib -lruby-static -lexslt -lxslt -lxml2  -lpthread -lrt -ldl -lcrypt -lm   -lc "
conftest.c: In function ‘t’:
conftest.c:5: error: ‘xmlSchemaSetValidStructuredErrors’ undeclared (first use in this function)
conftest.c:5: error: (Each undeclared identifier is reported only once
conftest.c:5: error: for each function it appears in.)
checked program was:
/* begin */
1: #include "ruby.h"
2: 
3: /*top*/
4: int main() {return 0;}
5: int t() { void ((*volatile p)()); p = (void ((*)()))xmlSchemaSetValidStructuredErrors; return 0; }
/* end */

"gcc -o conftest -I/rapid7-build/root/ruby/include/ruby-1.9.1/x86_64-linux -I/rapid7-build/root/ruby/include/ruby-1.9.1/ruby/backward -I/rapid7-build/root/ruby/include/ruby-1.9.1 -I. -I/rapid7-build/root/include/libxslt -I/rapid7-build/root/include/libxml2 -I/opt/local/include -I/usr/local/include -I/rapid7-build/root/ruby/include -I/usr/include -I/usr/include/libxml2 -I/rapid7-build/root/include  -I/rapid7-build/root/include -I/rapid7-build/root/include -O0 -ggdb -I/rapid7-build/root/include -g -DXP_UNIX -Wall -Wcast-qual -Wwrite-strings -Wconversion -Wmissing-noreturn -Winline conftest.c  -L. -L/rapid7-build/root/ruby/lib -Wl,-R/rapid7-build/root/ruby/lib -L/rapid7-build/root/lib -Wl,-R/rapid7-build/root/lib -L/opt/local/lib -Wl,-R/opt/local/lib -L/usr/local/lib -Wl,-R/usr/local/lib -L/rapid7-build/root/ruby/lib -Wl,-R/rapid7-build/root/ruby/lib -L/usr/lib -Wl,-R/usr/lib -L. -L/rapid7-build/root/lib -rdynamic -Wl,-export-dynamic    -lexslt -lxslt -lxml2  -Wl,-R -Wl,/rapid7-build/root/ruby/lib -L/rapid7-build/root/ruby/lib -lruby-static -lexslt -lxslt -lxml2  -lpthread -lrt -ldl -lcrypt -lm   -lc "
conftest.c: In function ‘t’:
conftest.c:5: warning: implicit declaration of function ‘xmlSchemaSetValidStructuredErrors’
checked program was:
/* begin */
1: #include "ruby.h"
2: 
3: /*top*/
4: int main() {return 0;}
5: int t() { xmlSchemaSetValidStructuredErrors(); return 0; }
/* end */

--------------------

have_func: checking for xmlSchemaSetParserStructuredErrors()... -------------------- yes

"gcc -o conftest -I/rapid7-build/root/ruby/include/ruby-1.9.1/x86_64-linux -I/rapid7-build/root/ruby/include/ruby-1.9.1/ruby/backward -I/rapid7-build/root/ruby/include/ruby-1.9.1 -I. -I/rapid7-build/root/include/libxslt -I/rapid7-build/root/include/libxml2 -I/opt/local/include -I/usr/local/include -I/rapid7-build/root/ruby/include -I/usr/include -I/usr/include/libxml2 -I/rapid7-build/root/include  -I/rapid7-build/root/include -I/rapid7-build/root/include -O0 -ggdb -I/rapid7-build/root/include -g -DXP_UNIX -Wall -Wcast-qual -Wwrite-strings -Wconversion -Wmissing-noreturn -Winline conftest.c  -L. -L/rapid7-build/root/ruby/lib -Wl,-R/rapid7-build/root/ruby/lib -L/rapid7-build/root/lib -Wl,-R/rapid7-build/root/lib -L/opt/local/lib -Wl,-R/opt/local/lib -L/usr/local/lib -Wl,-R/usr/local/lib -L/rapid7-build/root/ruby/lib -Wl,-R/rapid7-build/root/ruby/lib -L/usr/lib -Wl,-R/usr/lib -L. -L/rapid7-build/root/lib -rdynamic -Wl,-export-dynamic    -lexslt -lxslt -lxml2  -Wl,-R -Wl,/rapid7-build/root/ruby/lib -L/rapid7-build/root/ruby/lib -lruby-static -lexslt -lxslt -lxml2  -lpthread -lrt -ldl -lcrypt -lm   -lc "
conftest.c: In function ‘t’:
conftest.c:5: error: ‘xmlSchemaSetParserStructuredErrors’ undeclared (first use in this function)
conftest.c:5: error: (Each undeclared identifier is reported only once
conftest.c:5: error: for each function it appears in.)
checked program was:
/* begin */
1: #include "ruby.h"
2: 
3: /*top*/
4: int main() {return 0;}
5: int t() { void ((*volatile p)()); p = (void ((*)()))xmlSchemaSetParserStructuredErrors; return 0; }
/* end */

"gcc -o conftest -I/rapid7-build/root/ruby/include/ruby-1.9.1/x86_64-linux -I/rapid7-build/root/ruby/include/ruby-1.9.1/ruby/backward -I/rapid7-build/root/ruby/include/ruby-1.9.1 -I. -I/rapid7-build/root/include/libxslt -I/rapid7-build/root/include/libxml2 -I/opt/local/include -I/usr/local/include -I/rapid7-build/root/ruby/include -I/usr/include -I/usr/include/libxml2 -I/rapid7-build/root/include  -I/rapid7-build/root/include -I/rapid7-build/root/include -O0 -ggdb -I/rapid7-build/root/include -g -DXP_UNIX -Wall -Wcast-qual -Wwrite-strings -Wconversion -Wmissing-noreturn -Winline conftest.c  -L. -L/rapid7-build/root/ruby/lib -Wl,-R/rapid7-build/root/ruby/lib -L/rapid7-build/root/lib -Wl,-R/rapid7-build/root/lib -L/opt/local/lib -Wl,-R/opt/local/lib -L/usr/local/lib -Wl,-R/usr/local/lib -L/rapid7-build/root/ruby/lib -Wl,-R/rapid7-build/root/ruby/lib -L/usr/lib -Wl,-R/usr/lib -L. -L/rapid7-build/root/lib -rdynamic -Wl,-export-dynamic    -lexslt -lxslt -lxml2  -Wl,-R -Wl,/rapid7-build/root/ruby/lib -L/rapid7-build/root/ruby/lib -lruby-static -lexslt -lxslt -lxml2  -lpthread -lrt -ldl -lcrypt -lm   -lc "
conftest.c: In function ‘t’:
conftest.c:5: warning: implicit declaration of function ‘xmlSchemaSetParserStructuredErrors’
checked program was:
/* begin */
1: #include "ruby.h"
2: 
3: /*top*/
4: int main() {return 0;}
5: int t() { xmlSchemaSetParserStructuredErrors(); return 0; }
/* end */

--------------------

